<?xml version="1.0" encoding="UTF-8"?>
<!-- Generated by org.testng.reporters.JUnitReportReporter -->
<testsuite hostname="Krish" failures="0" tests="1" name="amgtest.Amgtest" time="10.545" errors="0" timestamp="2022-12-27T11:33:31 MST" skipped="0">
  <testcase classname="amgtest.Amgtest" name="verify" time="10.545"/>
  <system-out/>
</testsuite> <!-- amgtest.Amgtest -->
